Log file open, 05/15/19 11:24:11
LogWindows: Failed to load 'aqProf.dll' (GetLastError=126)
LogWindows: File 'aqProf.dll' does not exist
LogWindows: Failed to load 'VtuneApi.dll' (GetLastError=126)
LogWindows: File 'VtuneApi.dll' does not exist
LogWindows: Failed to load 'VtuneApi32e.dll' (GetLastError=126)
LogWindows: File 'VtuneApi32e.dll' does not exist
LogInit: Display: Running engine for game: MyProject
LogPlatformFile: Not using cached read wrapper
LogTaskGraph: Started task graph with 5 named threads and 23 total threads with 3 sets of task threads.
LogStats: Stats thread started at 0.280295
LogD3D11RHI: Loaded GFSDK_Aftermath_Lib.x64.dll
LogICUInternationalization: Display: ICU TimeZone Detection - Raw Offset: -7:00, Platform Override: ''
LogPluginManager: Mounting plugin Paper2D
LogPluginManager: Mounting plugin AISupport
LogPluginManager: Mounting plugin LightPropagationVolume
LogPluginManager: Mounting plugin CLionSourceCodeAccess
LogPluginManager: Mounting plugin CodeLiteSourceCodeAccess
LogPluginManager: Mounting plugin GitSourceControl
LogPluginManager: Mounting plugin KDevelopSourceCodeAccess
LogPluginManager: Mounting plugin NullSourceCodeAccess
LogPluginManager: Mounting plugin PerforceSourceControl
LogPluginManager: Mounting plugin SubversionSourceControl
LogPluginManager: Mounting plugin UObjectPlugin
LogPluginManager: Mounting plugin VisualStudioCodeSourceCodeAccess
LogPluginManager: Mounting plugin VisualStudioSourceCodeAccess
LogPluginManager: Mounting plugin XCodeSourceCodeAccess
LogPluginManager: Mounting plugin AssetManagerEditor
LogPluginManager: Mounting plugin CryptoKeys
LogPluginManager: Mounting plugin DataValidation
LogPluginManager: Mounting plugin FacialAnimation
LogPluginManager: Mounting plugin GameplayTagsEditor
LogPluginManager: Mounting plugin MacGraphicsSwitching
LogPluginManager: Mounting plugin MeshEditor
LogPluginManager: Mounting plugin MobileLauncherProfileWizard
LogPluginManager: Mounting plugin PluginBrowser
LogPluginManager: Mounting plugin SpeedTreeImporter
LogPluginManager: Mounting plugin DatasmithContent
LogPluginManager: Mounting plugin AlembicImporter
LogPluginManager: Mounting plugin AppleImageUtils
LogPluginManager: Mounting plugin AppleVision
LogPluginManager: Mounting plugin BackChannel
LogPluginManager: Mounting plugin CharacterAI
LogPluginManager: Mounting plugin GeometryCache
LogPluginManager: Mounting plugin HTML5Networking
LogPluginManager: Mounting plugin ProxyLODPlugin
LogPluginManager: Mounting plugin MagicLeap
LogPluginManager: Mounting plugin MagicLeapEmulator
LogPluginManager: Mounting plugin MagicLeapMedia
LogPluginManager: Mounting plugin AndroidMedia
LogPluginManager: Mounting plugin AvfMedia
LogPluginManager: Mounting plugin ImgMedia
LogPluginManager: Mounting plugin LinearTimecode
LogPluginManager: Mounting plugin MediaCompositing
LogPluginManager: Mounting plugin MediaPlayerEditor
LogPluginManager: Mounting plugin WmfMedia
LogPluginManager: Mounting plugin TcpMessaging
LogPluginManager: Mounting plugin UdpMessaging
LogPluginManager: Mounting plugin ActorSequence
LogPluginManager: Mounting plugin LevelSequenceEditor
LogPluginManager: Mounting plugin MatineeToLevelSequence
LogPluginManager: Mounting plugin NetcodeUnitTest
LogPluginManager: Mounting plugin NUTUnrealEngine4
LogPluginManager: Mounting plugin OnlineSubsystemGooglePlay
LogPluginManager: Mounting plugin OnlineSubsystemIOS
LogPluginManager: Mounting plugin OnlineSubsystem
LogPluginManager: Mounting plugin OnlineSubsystemNull
LogPluginManager: Mounting plugin OnlineSubsystemUtils
LogPluginManager: Mounting plugin LauncherChunkInstaller
LogPluginManager: Mounting plugin AndroidDeviceProfileSelector
LogPluginManager: Mounting plugin AndroidMoviePlayer
LogPluginManager: Mounting plugin AndroidPermission
LogPluginManager: Mounting plugin AppleMoviePlayer
LogPluginManager: Mounting plugin ArchVisCharacter
LogPluginManager: Mounting plugin AudioCapture
LogPluginManager: Mounting plugin CableComponent
LogPluginManager: Mounting plugin CustomMeshComponent
LogPluginManager: Mounting plugin EditableMesh
LogPluginManager: Mounting plugin ExampleDeviceProfileSelector
LogPluginManager: Mounting plugin GoogleCloudMessaging
LogPluginManager: Mounting plugin ImmediatePhysics
LogPluginManager: Mounting plugin IOSDeviceProfileSelector
LogPluginManager: Mounting plugin LinuxDeviceProfileSelector
LogPluginManager: Mounting plugin LocationServicesBPLibrary
LogPluginManager: Mounting plugin MobilePatchingUtils
LogPluginManager: Mounting plugin OculusVR
LogPluginManager: Plugin shader directory ../../../Engine/Plugins/Runtime/Oculus/OculusVR/Shaders found
LogPluginManager: Mapping shader source directory ../../../Engine/Plugins/Runtime/Oculus/OculusVR/Shaders to virtual directory /Plugin/OculusVR
LogPluginManager: Mounting plugin PhysXVehicles
LogPluginManager: Mounting plugin ProceduralMeshComponent
LogPluginManager: Mounting plugin RuntimePhysXCooking
LogPluginManager: Mounting plugin SteamVR
LogPluginManager: Mounting plugin WindowsMoviePlayer
LogStreaming: Display: Took  0.097s to configure plugins.
LogInit: Using libcurl 7.55.1-DEV
LogInit:  - built for x86_64-pc-win32
LogInit:  - supports SSL with OpenSSL/1.0.2h
LogInit:  - supports HTTP deflate (compression) using libz 1.2.8
LogInit:  - other features:
LogInit:      CURL_VERSION_SSL
LogInit:      CURL_VERSION_LIBZ
LogInit:      CURL_VERSION_IPV6
LogInit:      CURL_VERSION_ASYNCHDNS
LogInit:      CURL_VERSION_LARGEFILE
LogInit:      CURL_VERSION_IDN
LogInit:  CurlRequestOptions (configurable via config and command line):
LogInit:  - bVerifyPeer = false  - Libcurl will NOT verify peer certificate
LogInit:  - bUseHttpProxy = false  - Libcurl will NOT use HTTP proxy
LogInit:  - bDontReuseConnections = false  - Libcurl will reuse connections
LogInit:  - CertBundlePath = nullptr  - Libcurl will use whatever was configured at build time.
LogInit:  - MaxHostConnections = 16  - Libcurl will limit the number of connections to a host
LogInit:  - LocalHostAddr = Default
LogInit:  - BufferSize = 65536
LogInit: WinSock: version 1.1 (2.2), MaxSocks=32767, MaxUdp=65467
LogInit: Build: ++UE4+Release-4.20-CL-4369336
LogInit: Engine Version: 4.20.3-4369336+++UE4+Release-4.20
LogInit: Compatible Engine Version: 4.20.0-4212847+++UE4+Release-4.20
LogInit: Net CL: 4212847
LogInit: OS: Windows 10 (), CPU: Intel(R) Core(TM) i7-8809G CPU @ 3.10GHz, GPU: Radeon RX Vega M GH Graphics
LogInit: Compiled (64-bit): Sep 17 2018 12:26:19
LogInit: Compiled with Visual C++: 19.13.26129.00
LogInit: Build Configuration: Development
LogInit: Branch Name: ++UE4+Release-4.20
LogInit: Command Line: -EpicPortal  -epicusername="TIANCAIH0420" -epicuserid=4bbded6bf21c418d842aa3ea1b60811e -epiclocale=en-US
LogInit: Base Directory: C:/Users/u1241445/UE_4.20/Engine/Binaries/Win64/
LogInit: Installed Engine Build: 1
LogDevObjectVersion: Number of dev versions registered: 20
LogDevObjectVersion:   Dev-Blueprints (B0D832E4-1F89-4F0D-ACCF-7EB736FD4AA2): 10
LogDevObjectVersion:   Dev-Build (E1C64328-A22C-4D53-A36C-8E866417BD8C): 0
LogDevObjectVersion:   Dev-Core (375EC13C-06E4-48FB-B500-84F0262A717E): 2
LogDevObjectVersion:   Dev-Editor (E4B068ED-F494-42E9-A231-DA0B2E46BB41): 24
LogDevObjectVersion:   Dev-Framework (CFFC743F-43B0-4480-9391-14DF171D2073): 34
LogDevObjectVersion:   Dev-Mobile (B02B49B5-BB20-44E9-A304-32B752E40360): 2
LogDevObjectVersion:   Dev-Networking (A4E4105C-59A1-49B5-A7C5-40C4547EDFEE): 0
LogDevObjectVersion:   Dev-Online (39C831C9-5AE6-47DC-9A44-9C173E1C8E7C): 0
LogDevObjectVersion:   Dev-Physics (78F01B33-EBEA-4F98-B9B4-84EACCB95AA2): 0
LogDevObjectVersion:   Dev-Platform (6631380F-2D4D-43E0-8009-CF276956A95A): 0
LogDevObjectVersion:   Dev-Rendering (12F88B9F-8875-4AFC-A67C-D90C383ABD29): 26
LogDevObjectVersion:   Dev-Sequencer (7B5AE74C-D270-4C10-A958-57980B212A5A): 9
LogDevObjectVersion:   Dev-VR (D7296918-1DD6-4BDD-9DE2-64A83CC13884): 2
LogDevObjectVersion:   Dev-LoadTimes (C2A15278-BFE7-4AFE-6C17-90FF531DF755): 1
LogDevObjectVersion:   Private-Geometry (6EACA3D4-40EC-4CC1-B786-8BED09428FC5): 3
LogDevObjectVersion:   Dev-AnimPhys (29E575DD-E0A3-4627-9D10-D276232CDCEA): 17
LogDevObjectVersion:   Dev-ReflectionCapture (6B266CEC-1EC7-4B8F-A30B-E4D90942FC07): 1
LogDevObjectVersion:   Dev-Automation (0DF73D61-A23F-47EA-B727-89E90C41499A): 1
LogDevObjectVersion:   FortniteMain (601D1886-AC64-4F84-AA16-D3DE0DEAC7D6): 12
LogDevObjectVersion:   Dev-Enterprise (9DFFBCD6-494F-0158-E221-12823C92A888): 1
LogStreaming: Display: Took  0.000s to delete old logs.
LogInit: Presizing for max 8388607 objects, including 0 objects not considered by GC, pre-allocating 0 bytes for permanent pool.
LogInit: Object subsystem initialized
[2019.05.15-17.24.11:980][  0]LogInit: Selected Device Profile: [Windows]
[2019.05.15-17.24.11:980][  0]LogInit: Applying CVar settings loaded from the selected device profile: [Windows]
[2019.05.15-17.24.11:990][  0]LogHAL: Display: Platform has ~ 16 GB [17094557696 / 17179869184 / 16], which maps to Larger [LargestMinGB=32, LargerMinGB=12, DefaultMinGB=8, SmallerMinGB=6, SmallestMinGB=0)
[2019.05.15-17.24.11:990][  0]LogInit: Setting Device Profile CVar: [[r.Vulkan.UseRealUBs:1]]
[2019.05.15-17.24.11:990][  0]LogInit: Going up to parent DeviceProfile []
[2019.05.15-17.24.11:990][  0]LogInit: Computer: eae-n-084
[2019.05.15-17.24.11:990][  0]LogInit: User: u1241445
[2019.05.15-17.24.11:990][  0]LogInit: CPU Page size=4096, Cores=4
[2019.05.15-17.24.11:990][  0]LogInit: High frequency timer resolution =3.023438 MHz
[2019.05.15-17.24.11:990][  0]LogMemory: Memory total: Physical=15.9GB (16GB approx)
[2019.05.15-17.24.11:990][  0]LogMemory: Platform Memory Stats for Windows
[2019.05.15-17.24.11:990][  0]LogMemory: Process Physical Memory: 100.52 MB used, 100.52 MB peak
[2019.05.15-17.24.11:990][  0]LogMemory: Process Virtual Memory: 89.46 MB used, 89.46 MB peak
[2019.05.15-17.24.11:990][  0]LogMemory: Physical Memory: 7700.11 MB used,  8602.54 MB free, 16302.64 MB total
[2019.05.15-17.24.11:990][  0]LogMemory: Virtual Memory: 4639.52 MB used,  8602.54 MB free, 134217728.00 MB total
[2019.05.15-17.24.12:004][  0]LogInit: Using OS detected language (en-US).
[2019.05.15-17.24.12:004][  0]LogInit: Using OS detected locale (en-US).
[2019.05.15-17.24.12:004][  0]LogTextLocalizationManager: No specific localization for 'en-US' exists, so the 'en' localization will be used.
[2019.05.15-17.24.12:328][  0]LogStreaming: Display: Took  0.323s to InitEngineTextLocalization.
[2019.05.15-17.24.12:328][  0]LogInit: Setting process to per monitor DPI aware
[2019.05.15-17.24.12:370][  0]LogSlate: New Slate User Created.  User Index 0, Is Virtual User: 0
[2019.05.15-17.24.12:370][  0]LogSlate: Slate User Registered.  User Index 0, Is Virtual User: 0
[2019.05.15-17.24.12:558][  0]LogHMD: Failed to initialize OpenVR with code 110
[2019.05.15-17.24.12:558][  0]LogD3D11RHI: D3D11 adapters:
[2019.05.15-17.24.12:593][  0]LogD3D11RHI:    0. 'Radeon RX Vega M GH Graphics' (Feature Level 11_0)
[2019.05.15-17.24.12:593][  0]LogD3D11RHI:       4042/0/8151 MB DedicatedVideo/DedicatedSystem/SharedSystem, Outputs:1, VendorId:0x1002
[2019.05.15-17.24.12:603][  0]LogD3D11RHI:    1. 'Intel(R) HD Graphics 630' (Feature Level 11_0)
[2019.05.15-17.24.12:603][  0]LogD3D11RHI:       128/0/8151 MB DedicatedVideo/DedicatedSystem/SharedSystem, Outputs:0, VendorId:0x8086
[2019.05.15-17.24.12:605][  0]LogD3D11RHI:    2. 'Microsoft Basic Render Driver' (Feature Level 11_0)
[2019.05.15-17.24.12:605][  0]LogD3D11RHI:       0/0/8151 MB DedicatedVideo/DedicatedSystem/SharedSystem, Outputs:0, VendorId:0x1414
[2019.05.15-17.24.12:605][  0]LogD3D11RHI: Chosen D3D11 Adapter: 0
[2019.05.15-17.24.12:611][  0]LogD3D11RHI: Creating new Direct3DDevice
[2019.05.15-17.24.12:611][  0]LogD3D11RHI:     GPU DeviceId: 0x694c (for the marketing name, search the web for "GPU Device Id")
[2019.05.15-17.24.12:611][  0]LogWindows: EnumDisplayDevices:
[2019.05.15-17.24.12:611][  0]LogWindows:    0. 'Radeon RX Vega M GH Graphics' (P:1 D:1)
[2019.05.15-17.24.12:612][  0]LogWindows:    1. 'Radeon RX Vega M GH Graphics' (P:0 D:0)
[2019.05.15-17.24.12:612][  0]LogWindows:    2. 'Radeon RX Vega M GH Graphics' (P:0 D:0)
[2019.05.15-17.24.12:612][  0]LogWindows:    3. 'Radeon RX Vega M GH Graphics' (P:0 D:0)
[2019.05.15-17.24.12:612][  0]LogWindows:    4. 'Radeon RX Vega M GH Graphics' (P:0 D:0)
[2019.05.15-17.24.12:613][  0]LogWindows:    5. 'Radeon RX Vega M GH Graphics' (P:0 D:0)
[2019.05.15-17.24.12:613][  0]LogWindows:    6. 'Radeon RX Vega M GH Graphics' (P:0 D:0)
[2019.05.15-17.24.12:613][  0]LogWindows:    7. 'Radeon RX Vega M GH Graphics' (P:0 D:0)
[2019.05.15-17.24.12:613][  0]LogWindows:    8. 'Intel(R) HD Graphics 630' (P:0 D:0)
[2019.05.15-17.24.12:614][  0]LogWindows:    9. 'Intel(R) HD Graphics 630' (P:0 D:0)
[2019.05.15-17.24.12:614][  0]LogWindows: DebugString: PrimaryIsNotTheChoosenAdapter PrimaryIsNotTheChoosenAdapter FoundDriverCount:8 
[2019.05.15-17.24.12:614][  0]LogD3D11RHI:     Adapter Name: Radeon RX Vega M GH Graphics
[2019.05.15-17.24.12:614][  0]LogD3D11RHI:   Driver Version: Adrenalin 19 18.12.2 (internal:25.20.15002.58, unified:25.20.15002.58)
[2019.05.15-17.24.12:614][  0]LogD3D11RHI:      Driver Date: 12-6-2018
[2019.05.15-17.24.12:614][  0]LogRHI: Texture pool is 2829 MB (70% of 4042 MB)
[2019.05.15-17.24.12:678][  0]LogD3D11RHI: Async texture creation enabled
[2019.05.15-17.24.12:690][  0]LogD3D11RHI: GPU Timing Frequency: 25.000000 (Debug: 2 1)
[2019.05.15-17.24.12:691][  0]LogShaderCompilers: Guid format shader working directory is -7 characters bigger than the processId version (../../../../Documents/GitHub/Summerassetppline/MyProject/Intermediate/Shaders/WorkingDirectory/1532/).
[2019.05.15-17.24.12:691][  0]LogShaderCompilers: Cleaned the shader compiler working directory 'C:/Users/u1241445/AppData/Local/Temp/UnrealShaderWorkingDir/F62752934490B1C05B4039825A039DC4/'.
[2019.05.15-17.24.12:952][  0]LogTemp: Display: Loaded TP AllDesktopTargetPlatform
[2019.05.15-17.24.12:967][  0]LogTemp: Display: Loaded TP MacClientTargetPlatform
[2019.05.15-17.24.12:980][  0]LogTemp: Display: Loaded TP MacNoEditorTargetPlatform
[2019.05.15-17.24.12:993][  0]LogTemp: Display: Loaded TP MacServerTargetPlatform
[2019.05.15-17.24.13:009][  0]LogTemp: Display: Loaded TP MacTargetPlatform
[2019.05.15-17.24.13:022][  0]LogTemp: Display: Loaded TP WindowsClientTargetPlatform
[2019.05.15-17.24.13:036][  0]LogTemp: Display: Loaded TP WindowsNoEditorTargetPlatform
[2019.05.15-17.24.13:050][  0]LogTemp: Display: Loaded TP WindowsServerTargetPlatform
[2019.05.15-17.24.13:057][  0]LogTemp: Display: Loaded TP WindowsTargetPlatform
[2019.05.15-17.24.13:132][  0]LogTemp: Display: Loaded TP AndroidTargetPlatform
[2019.05.15-17.24.13:132][  0]LogTemp: Display: Loaded TP AndroidTargetPlatform
[2019.05.15-17.24.13:132][  0]LogTemp: Display: Loaded TP AndroidTargetPlatform
[2019.05.15-17.24.13:132][  0]LogTemp: Display: Loaded TP AndroidTargetPlatform
[2019.05.15-17.24.13:132][  0]LogTemp: Display: Loaded TP AndroidTargetPlatform
[2019.05.15-17.24.13:132][  0]LogTemp: Display: Loaded TP AndroidTargetPlatform
[2019.05.15-17.24.13:132][  0]LogTemp: Display: Loaded TP AndroidTargetPlatform
[2019.05.15-17.24.13:132][  0]LogTemp: Display: Loaded TP AndroidTargetPlatform
[2019.05.15-17.24.13:132][  0]LogTemp: Display: Loaded TP AndroidTargetPlatform
[2019.05.15-17.24.13:132][  0]LogTemp: Display: Loaded TP AndroidTargetPlatform
[2019.05.15-17.24.13:132][  0]LogTemp: Display: Loaded TP AndroidTargetPlatform
[2019.05.15-17.24.13:132][  0]LogTemp: Display: Loaded TP AndroidTargetPlatform
[2019.05.15-17.24.13:132][  0]LogTemp: Display: Loaded TP AndroidTargetPlatform
[2019.05.15-17.24.13:132][  0]LogTemp: Display: Loaded TP AndroidTargetPlatform
[2019.05.15-17.24.13:132][  0]LogTemp: Display: Loaded TP AndroidTargetPlatform
[2019.05.15-17.24.13:132][  0]LogTemp: Display: Loaded TP AndroidTargetPlatform
[2019.05.15-17.24.13:132][  0]LogTemp: Display: Loaded TP AndroidTargetPlatform
[2019.05.15-17.24.13:132][  0]LogTemp: Display: Loaded TP AndroidTargetPlatform
[2019.05.15-17.24.13:134][  0]LogTemp: Display: Loaded TP HTML5TargetPlatform
[2019.05.15-17.24.13:194][  0]LogTemp: Display: Loaded TP IOSTargetPlatform
[2019.05.15-17.24.13:194][  0]LogTemp: Display: Loaded TP IOSTargetPlatform
[2019.05.15-17.24.13:215][  0]LogTemp: Display: Loaded TP TVOSTargetPlatform
[2019.05.15-17.24.13:215][  0]LogTemp: Display: Loaded TP TVOSTargetPlatform
[2019.05.15-17.24.13:226][  0]LogTemp: Display: Loaded TP LinuxClientTargetPlatform
[2019.05.15-17.24.13:237][  0]LogTemp: Display: Loaded TP LinuxNoEditorTargetPlatform
[2019.05.15-17.24.13:249][  0]LogTemp: Display: Loaded TP LinuxServerTargetPlatform
[2019.05.15-17.24.13:263][  0]LogTemp: Display: Loaded TP LinuxTargetPlatform
[2019.05.15-17.24.13:271][  0]LogTemp: Display: Loaded TP LuminTargetPlatform
[2019.05.15-17.24.13:271][  0]LogTargetPlatformManager: Display: Building Assets For Windows
[2019.05.15-17.24.13:334][  0]LogXGEController: Cannot use XGE Controller as Incredibuild is not installed on this machine.
[2019.05.15-17.24.13:334][  0]LogShaderCompilers: Cannot use XGE Shader Compiler as Incredibuild is not installed on this machine.
[2019.05.15-17.24.13:334][  0]LogShaderCompilers: Display: Using Local Shader Compiler.
[2019.05.15-17.24.14:038][  0]LogDerivedDataCache: Display: Max Cache Size: 512 MB
[2019.05.15-17.24.14:102][  0]LogDerivedDataCache: Loaded boot cache 0.06s 87MB C:/Users/u1241445/AppData/Local/UnrealEngine/4.20/DerivedDataCache/Boot.ddc.
[2019.05.15-17.24.14:102][  0]LogDerivedDataCache: Display: Loaded Boot cache: C:/Users/u1241445/AppData/Local/UnrealEngine/4.20/DerivedDataCache/Boot.ddc
[2019.05.15-17.24.14:102][  0]LogDerivedDataCache: FDerivedDataBackendGraph:  Pak pak cache file ../../../../Documents/GitHub/Summerassetppline/MyProject/DerivedDataCache/DDC.ddp not found, will not use a pak cache.
[2019.05.15-17.24.14:102][  0]LogDerivedDataCache: Unable to find inner node Pak for hierarchical cache Hierarchy.
[2019.05.15-17.24.14:102][  0]LogDerivedDataCache: FDerivedDataBackendGraph:  CompressedPak pak cache file ../../../../Documents/GitHub/Summerassetppline/MyProject/DerivedDataCache/Compressed.ddp not found, will not use a pak cache.
[2019.05.15-17.24.14:102][  0]LogDerivedDataCache: Unable to find inner node CompressedPak for hierarchical cache Hierarchy.
[2019.05.15-17.24.14:116][  0]LogDerivedDataCache: Display: Pak cache opened for reading ../../../Engine/DerivedDataCache/Compressed.ddp.
[2019.05.15-17.24.14:129][  0]LogDerivedDataCache: Using Local data cache path C:/Users/u1241445/AppData/Local/UnrealEngine/Common/DerivedDataCache: Writable
[2019.05.15-17.24.14:129][  0]LogDerivedDataCache: Shared data cache path not found in *engine.ini, will not use an Shared cache.
[2019.05.15-17.24.14:129][  0]LogDerivedDataCache: Unable to find inner node Shared for hierarchical cache Hierarchy.
[2019.05.15-17.24.14:147][  0]LogMaterial: Verifying Global Shaders for PCD3D_SM5
[2019.05.15-17.24.14:148][  0]LogSlate: Using FreeType 2.6.0
[2019.05.15-17.24.14:149][  0]LogSlate: SlateFontServices - WITH_FREETYPE: 1, WITH_HARFBUZZ: 1
[2019.05.15-17.24.14:217][  0]LogAssetRegistry: FAssetRegistry took 0.0253 seconds to start up
[2019.05.15-17.24.14:532][  0]LogInit: Selected Device Profile: [Windows]
[2019.05.15-17.24.14:582][  0]LogSimplygon: Simplygon DLL not present - disabling.
[2019.05.15-17.24.14:586][  0]LogMeshReduction: Using SimplygonSwarm for distributed automatic mesh merging
[2019.05.15-17.24.14:586][  0]LogMeshReduction: Using ProxyLODMeshReduction for automatic mesh merging
[2019.05.15-17.24.14:586][  0]LogMeshReduction: Using QuadricMeshReduction for automatic static mesh reduction
[2019.05.15-17.24.14:586][  0]LogMeshReduction: No automatic skeletal mesh reduction module available
[2019.05.15-17.24.14:672][  0]LogNetVersion: MyProject 1.0.0, NetCL: 4212847, EngineNetVer: 5, GameNetVer: 0 (Checksum: 1110078900)
[2019.05.15-17.24.15:174][  0]LogPackageLocalizationCache: Processed 11 localized package path(s) for 2 prioritized culture(s) in 0.096101 seconds
[2019.05.15-17.24.15:180][  0]LogUObjectArray: 38425 objects as part of root set at end of initial load.
[2019.05.15-17.24.15:180][  0]LogUObjectAllocator: 6690864 out of 0 bytes used by permanent object pool.
[2019.05.15-17.24.15:180][  0]LogUObjectArray: CloseDisregardForGC: 0/0 objects in disregard for GC pool
[2019.05.15-17.24.15:973][  0]LogTcpMessaging: Initializing TcpMessaging bridge
[2019.05.15-17.24.15:998][  0]LogUdpMessaging: Initializing bridge on interface 0.0.0.0:0 to multicast group 230.0.0.1:6666.
[2019.05.15-17.24.16:131][  0]SourceControl: Source control is disabled
[2019.05.15-17.24.16:131][  0]SourceControl: Source control is disabled
[2019.05.15-17.24.16:132][  0]SourceControl: Source control is disabled
[2019.05.15-17.24.16:133][  0]SourceControl: Source control is disabled
[2019.05.15-17.24.16:291][  0]LogAndroidPermission: UAndroidPermissionCallbackProxy::GetInstance
[2019.05.15-17.24.16:370][  0]LogOcInput: OculusInput pre-init called
[2019.05.15-17.24.16:427][  0]LogEngine: Initializing Engine...
[2019.05.15-17.24.16:428][  0]LogHMD: Failed to initialize OpenVR with code 110
[2019.05.15-17.24.16:429][  0]LogStats: UGameplayTagsManager::ConstructGameplayTagTree: ImportINI prefixes -  0.000 s
[2019.05.15-17.24.16:429][  0]LogStats: UGameplayTagsManager::ConstructGameplayTagTree: Construct from data asset -  0.000 s
[2019.05.15-17.24.16:429][  0]LogStats: UGameplayTagsManager::ConstructGameplayTagTree: ImportINI -  0.000 s
[2019.05.15-17.24.16:429][  0]LogStats: UGameplayTagsManager::ConstructGameplayTagTree: GameplayTagTreeChangedEvent.Broadcast -  0.000 s
[2019.05.15-17.24.16:621][  0]LogInit: Initializing FReadOnlyCVARCache
[2019.05.15-17.24.16:634][  0]LogAIModule: Creating AISystem for world Untitled
[2019.05.15-17.24.16:667][  0]LogInit: XAudio2 using '4 - CintiqPro24P (AMD High Definition Audio Device)' : 2 channels at 48 kHz using 16 bits per sample (channel mask 0x3)
[2019.05.15-17.24.16:694][  0]LogInit: FAudioDevice initialized.
[2019.05.15-17.24.16:694][  0]LogNetVersion: Set ProjectVersion to 1.0.0.0. Version Checksum will be recalculated on next use.
[2019.05.15-17.24.16:744][  0]LogDerivedDataCache: Saved boot cache 0.05s 87MB C:/Users/u1241445/AppData/Local/UnrealEngine/4.20/DerivedDataCache/Boot.ddc.
[2019.05.15-17.24.16:757][  0]LogInit: Texture streaming: Enabled
[2019.05.15-17.24.16:775][  0]LogEngineSessionManager: EngineSessionManager initialized
[2019.05.15-17.24.16:792][  0]LogInit: Transaction tracking system initialized
[2019.05.15-17.24.16:820][  0]BlueprintLog: New page: Editor Load
[2019.05.15-17.24.16:959][  0]LocalizationService: Localization service is disabled
[2019.05.15-17.24.17:218][  0]LogFileCache: Scanning file cache for directory 'C:/Users/u1241445/Documents/GitHub/Summerassetppline/MyProject/Content/' took 0.01s
[2019.05.15-17.24.17:218][  0]LogCook: Display: Max memory allowance for cook 16384mb min free memory 0mb
[2019.05.15-17.24.17:218][  0]LogCook: Display: Mobile HDR setting 1
[2019.05.15-17.24.17:219][  0]LogGameplayTags: Display: UGameplayTagsManager::DoneAddingNativeTags. DelegateIsBound: 0
[2019.05.15-17.24.17:219][  0]LogStats: UGameplayTagsManager::ConstructGameplayTagTree: ImportINI prefixes -  0.000 s
[2019.05.15-17.24.17:219][  0]LogStats: UGameplayTagsManager::ConstructGameplayTagTree: Construct from data asset -  0.000 s
[2019.05.15-17.24.17:219][  0]LogStats: UGameplayTagsManager::ConstructGameplayTagTree: ImportINI -  0.000 s
[2019.05.15-17.24.17:219][  0]LogStats: UGameplayTagsManager::ConstructGameplayTagTree: GameplayTagTreeChangedEvent.Broadcast -  0.000 s
[2019.05.15-17.24.17:357][  0]SourceControl: Source control is disabled
[2019.05.15-17.24.17:357][  0]Cmd: MAP LOAD FILE="../../../Engine/Content/Maps/Templates/Template_Default.umap" TEMPLATE=1 SHOWPROGRESS=1 FEATURELEVEL=3
[2019.05.15-17.24.17:358][  0]LightingResults: New page: Lighting Build
[2019.05.15-17.24.17:361][  0]MapCheck: New page: Map Check
[2019.05.15-17.24.17:361][  0]LightingResults: New page: Lighting Build
[2019.05.15-17.24.17:543][  0]LogAIModule: Creating AISystem for world Untitled_1
[2019.05.15-17.24.17:550][  0]LogEditorServer: Finished looking for orphan Actors (0.000 secs)
[2019.05.15-17.24.17:571][  0]Cmd: MAP CHECKDEP NOCLEARLOG
[2019.05.15-17.24.17:634][  0]MapCheck: Map check complete: 0 Error(s), 0 Warning(s), took 61.895ms to complete.
[2019.05.15-17.24.17:634][  0]LogFileHelpers: Loading map 'Template_Default' took 0.276
[2019.05.15-17.24.17:783][  0]LogSlate: Updating window title bar state: overlay mode, drag disabled, window buttons hidden, title bar hidden
[2019.05.15-17.24.17:791][  0]LogSlate: Updating window title bar state: overlay mode, drag disabled, window buttons hidden, title bar hidden
[2019.05.15-17.24.17:798][  0]LogSlate: Updating window title bar state: overlay mode, drag disabled, window buttons hidden, title bar hidden
[2019.05.15-17.24.17:804][  0]LogSlate: Updating window title bar state: overlay mode, drag disabled, window buttons hidden, title bar hidden
[2019.05.15-17.24.17:817][  0]LogCollectionManager: Loaded 0 collections in 0.001513 seconds
[2019.05.15-17.24.17:875][  0]LogFileCache: Scanning file cache for directory 'C:/Users/u1241445/Documents/GitHub/Summerassetppline/MyProject/Saved/Collections/' took 0.01s
[2019.05.15-17.24.17:875][  0]LogFileCache: Scanning file cache for directory 'C:/Users/u1241445/Documents/GitHub/Summerassetppline/MyProject/Content/Developers/u1241445/Collections/' took 0.01s
[2019.05.15-17.24.17:875][  0]LogFileCache: Scanning file cache for directory 'C:/Users/u1241445/Documents/GitHub/Summerassetppline/MyProject/Content/Collections/' took 0.01s
[2019.05.15-17.24.17:875][  0]LogCollectionManager: Rebuilt the GUID cache for 0 collections in 0.000000 seconds
[2019.05.15-17.24.17:886][  0]LogContentBrowser: Native class hierarchy populated in 0.0096 seconds. Added 2572 classes and 603 folders.
[2019.05.15-17.24.17:898][  0]LogContentBrowser: Native class hierarchy updated for 'WidgetCarousel' in 0.0002 seconds. Added 0 classes and 0 folders.
[2019.05.15-17.24.17:965][  0]LogContentBrowser: Native class hierarchy updated for 'AddContentDialog' in 0.0003 seconds. Added 0 classes and 0 folders.
[2019.05.15-17.24.17:976][  0]LogContentBrowser: Native class hierarchy updated for 'SceneOutliner' in 0.0002 seconds. Added 1 classes and 2 folders.
[2019.05.15-17.24.18:029][  0]LogSlate: Took 0.000156 seconds to synchronously load lazily loaded font '../../../Engine/Content/Slate/Fonts/Roboto-Regular.ttf' (155K)
[2019.05.15-17.24.18:032][  0]LogSlate: Took 0.000284 seconds to synchronously load lazily loaded font '../../../Engine/Content/Slate/Fonts/Roboto-Bold.ttf' (160K)
[2019.05.15-17.24.18:045][  0]LogSlate: Took 0.005494 seconds to synchronously load lazily loaded font '../../../Engine/Content/Editor/Slate/Fonts/FontAwesome.ttf' (139K)
[2019.05.15-17.24.18:154][  0]LogRenderer: Reallocating scene render targets to support 1208x576 Format 10 NumSamples 1 (Frame:1).
[2019.05.15-17.24.18:469][  0]LogSlate: FSceneViewport::OnFocusLost() reason 2
[2019.05.15-17.24.18:485][  0]LogSlate: Window 'Tutorials' being destroyed
[2019.05.15-17.24.18:517][  0]LogContentBrowser: Native class hierarchy updated for 'HierarchicalLODOutliner' in 0.0003 seconds. Added 0 classes and 0 folders.
[2019.05.15-17.24.18:517][  0]LogLoad: (Engine Initialization) Total time: 8.14 seconds
[2019.05.15-17.24.18:517][  0]LogLoad: (Engine Initialization) Total Blueprint compile time: 0.00 seconds
[2019.05.15-17.24.18:529][  0]LogWindowsTextInputMethodSystem: Display: IME system now deactivated.
[2019.05.15-17.24.18:556][  0]LogContentStreaming: Texture pool size now 1000 MB
[2019.05.15-17.24.18:578][  1]LogAssetRegistry: Asset discovery search completed in 4.3842 seconds
[2019.05.15-17.24.18:580][  1]LogCollectionManager: Rebuilt the object cache for 0 collections in 0.000000 seconds (found 0 objects)
[2019.05.15-17.24.18:580][  1]LogCollectionManager: Fixed up redirectors for 0 collections in 0.000048 seconds (updated 0 objects)
[2019.05.15-17.24.23:714][602]LogSlate: FSceneViewport::OnFocusLost() reason 0
[2019.05.15-17.24.23:851][610]LogActorFactory: Actor Factory created Cube
[2019.05.15-17.24.24:205][646]LogActorFactory: Actor Factory created Cube
[2019.05.15-17.24.26:607][887]LogSlate: FSceneViewport::OnFocusLost() reason 0
[2019.05.15-17.24.26:746][901]LogActorFactory: Actor Factory created Cone
[2019.05.15-17.24.27:059][934]LogActorFactory: Actor Factory created Cone
[2019.05.15-17.24.27:886][ 27]LogSlate: FSceneViewport::OnFocusLost() reason 0
[2019.05.15-17.25.00:590][829]LogSlate: Took 0.000160 seconds to synchronously load lazily loaded font '../../../Engine/Content/Slate/Fonts/Roboto-Light.ttf' (167K)
[2019.05.15-17.25.08:955][354]LogSlate: Window 'Save Content' being destroyed
[2019.05.15-17.25.09:043][354]Cmd: OBJ SAVEPACKAGE PACKAGE="/Game/example" FILE="../../../../Documents/GitHub/Summerassetppline/MyProject/Content/example.umap" SILENT=true AUTOSAVING=false KEEPDIRTY=false
[2019.05.15-17.25.09:076][354]LogSavePackage: Moving '../../../../Documents/GitHub/Summerassetppline/MyProject/Saved/example12B6D6114EFF9A8A2B8539A25EB627D8.tmp' to '../../../../Documents/GitHub/Summerassetppline/MyProject/Content/example.umap'
[2019.05.15-17.25.09:083][354]LogFileHelpers: Saving map 'example' took 0.105
[2019.05.15-17.25.23:144][354]LogSlate: Window 'Save Level As' being destroyed
[2019.05.15-17.25.23:218][354]Cmd: OBJ SAVEPACKAGE PACKAGE="/Game/assignment/1" FILE="../../../../Documents/GitHub/Summerassetppline/MyProject/Content/assignment/1.umap" SILENT=true AUTOSAVING=false KEEPDIRTY=false
[2019.05.15-17.25.23:266][354]LogSavePackage: Moving '../../../../Documents/GitHub/Summerassetppline/MyProject/Saved/1577D42FD45245DE8B84DDCB0B1951755.tmp' to '../../../../Documents/GitHub/Summerassetppline/MyProject/Content/assignment/1.umap'
[2019.05.15-17.25.23:286][354]LogFileHelpers: Saving map '1' took 0.134
[2019.05.15-17.25.24:793][507]LogSlate: Window 'Asset Report' being destroyed
[2019.05.15-17.25.36:908][507]LogSlate: Window 'Message' being destroyed
[2019.05.15-17.25.36:916][507]AssetTools: New page: Content migration completed successfully!
[2019.05.15-17.25.43:382][200]LogAssetEditorManager: Opening Asset editor for World /Game/example.example
[2019.05.15-17.25.44:965][200]LogSlate: Window 'Save Content' being destroyed
[2019.05.15-17.25.58:690][608]LogSlate: Window 'Delete Assets' being destroyed
[2019.05.15-17.26.00:434][796]LogAssetEditorManager: Opening Asset editor for World /Game/assignment/1.1
[2019.05.15-17.26.01:995][796]LogSlate: Window 'Save Content' being destroyed
[2019.05.15-17.26.02:002][796]Cmd: OBJ SAVEPACKAGE PACKAGE="/Game/assignment/1_BuiltData" FILE="../../../../Documents/GitHub/Summerassetppline/MyProject/Content/assignment/1_BuiltData.uasset" SILENT=true
[2019.05.15-17.26.02:018][796]LogSavePackage: Moving '../../../../Documents/GitHub/Summerassetppline/MyProject/Saved/1_BuiltDataA872D5B24B88A49704DF38B22FB02248.tmp' to '../../../../Documents/GitHub/Summerassetppline/MyProject/Content/assignment/1_BuiltData.uasset'
[2019.05.15-17.26.02:023][796]Cmd: MAP LOAD FILE="../../../../Documents/GitHub/Summerassetppline/MyProject/Content/assignment/1.umap" TEMPLATE=0 SHOWPROGRESS=1 FEATURELEVEL=3
[2019.05.15-17.26.02:023][796]LightingResults: New page: Lighting Build
[2019.05.15-17.26.02:023][796]LoadErrors: New page: Loading map: 1.umap
[2019.05.15-17.26.02:024][796]MapCheck: New page: Map Check
[2019.05.15-17.26.02:025][796]LightingResults: New page: Lighting Build
[2019.05.15-17.26.02:062][796]LogAIModule: Creating AISystem for world 1
[2019.05.15-17.26.02:067][796]LogEditorServer: Finished looking for orphan Actors (0.000 secs)
[2019.05.15-17.26.02:105][796]Cmd: MAP CHECKDEP NOCLEARLOG
[2019.05.15-17.26.02:172][796]MapCheck: Map check complete: 0 Error(s), 0 Warning(s), took 66.991ms to complete.
[2019.05.15-17.26.02:174][796]LogFileHelpers: Loading map '1' took 0.152
[2019.05.15-17.26.04:086][ 17]LogAssetEditorManager: Opening Asset editor for MapBuildDataRegistry /Game/assignment/1_BuiltData.1_BuiltData
[2019.05.15-17.26.06:170][261]LogSlate: Window '1_BuiltData - Generic Asset Editor' being destroyed
[2019.05.15-17.26.06:174][261]LogSlate: Window '1_BuiltData - Generic Asset Editor' being destroyed
